Using pre-set license
Built from '2020.2/release' branch; Version is '2020.2.2f1 (068178b99f32) revision 426360'; Using compiler version '192528614'; Build Type 'Release'
OS: 'Windows 10 Home; OS build 19042.804; Version 2009; 64bit' Language: 'en' Physical Memory: 16303 MB
BatchMode: 1, IsHumanControllingUs: 0, StartBugReporterOnCrash: 0, Is64bit: 1, IsPro: 0

 COMMAND LINE ARGUMENTS:
C:\Program Files\Unity\Hub\Editor\2020.2.2f1\Editor\Unity.exe
-adb2
-batchMode
-noUpm
-name
AssetImportWorker1
-projectPath
D:/GitHub/SpaceInvaders-CST326
-logFile
Logs/AssetImportWorker1.log
-srvPort
54473
Successfully changed project path to: D:/GitHub/SpaceInvaders-CST326
D:/GitHub/SpaceInvaders-CST326
Using Asset Import Pipeline V2.
Refreshing native plugins compatible for Editor in 50.74 ms, found 1 plugins.
Preloading 0 native plugins for Editor in 0.00 ms.
Initialize engine version: 2020.2.2f1 (068178b99f32)
[Subsystems] Discovering subsystems at path C:/Program Files/Unity/Hub/Editor/2020.2.2f1/Editor/Data/Resources/UnitySubsystems
[Subsystems] Discovering subsystems at path D:/GitHub/SpaceInvaders-CST326/Assets
GfxDevice: creating device client; threaded=0
Direct3D:
    Version:  Direct3D 11.0 [level 11.1]
    Renderer: NVIDIA GeForce GTX 1660 Ti (ID=0x2191)
    Vendor:   
    VRAM:     5991 MB
    Driver:   27.21.14.6140
Initialize mono
Mono path[0] = 'C:/Program Files/Unity/Hub/Editor/2020.2.2f1/Editor/Data/Managed'
Mono path[1] = 'C:/Program Files/Unity/Hub/Editor/2020.2.2f1/Editor/Data/MonoBleedingEdge/lib/mono/unityjit'
Mono config path = 'C:/Program Files/Unity/Hub/Editor/2020.2.2f1/Editor/Data/MonoBleedingEdge/etc'
Using monoOptions --debugger-agent=transport=dt_socket,embedding=1,server=y,suspend=n,address=127.0.0.1:56972
Begin MonoManager ReloadAssembly
Registering precompiled unity dll's ...
Register platform support module: C:/Program Files/Unity/Hub/Editor/2020.2.2f1/Editor/Data/PlaybackEngines/WebGLSupport/UnityEditor.WebGL.Extensions.dll
Register platform support module: C:/Program Files/Unity/Hub/Editor/2020.2.2f1/Editor/Data/PlaybackEngines/MacStandaloneSupport/UnityEditor.OSXStandalone.Extensions.dll
Register platform support module: C:/Program Files/Unity/Hub/Editor/2020.2.2f1/Editor/Data/PlaybackEngines/WindowsStandaloneSupport/UnityEditor.WindowsStandalone.Extensions.dll
Register platform support module: C:/Program Files/Unity/Hub/Editor/2020.2.2f1/Editor/Data/PlaybackEngines/LinuxStandaloneSupport/UnityEditor.LinuxStandalone.Extensions.dll
Registered in 0.003210 seconds.
Native extension for LinuxStandalone target not found
Native extension for WindowsStandalone target not found
Native extension for OSXStandalone target not found
Native extension for WebGL target not found
Refreshing native plugins compatible for Editor in 45.06 ms, found 1 plugins.
Preloading 0 native plugins for Editor in 0.00 ms.
Invoked RoslynAnalysisRunner static constructor.
RoslynAnalysisRunner will not be running.
RoslynAnalysisRunner has terminated.
Mono: successfully reloaded assembly
- Completed reload, in  6.401 seconds
Platform modules already initialized, skipping
Registering precompiled user dll's ...
Registered in 0.000868 seconds.
Begin MonoManager ReloadAssembly
Native extension for LinuxStandalone target not found
Native extension for WindowsStandalone target not found
Native extension for OSXStandalone target not found
Native extension for WebGL target not found
Refreshing native plugins compatible for Editor in 35.52 ms, found 1 plugins.
Preloading 0 native plugins for Editor in 0.00 ms.
Invoked RoslynAnalysisRunner static constructor.
RoslynAnalysisRunner will not be running.
RoslynAnalysisRunner has terminated.
Mono: successfully reloaded assembly
- Completed reload, in  0.946 seconds
Platform modules already initialized, skipping
========================================================================
Worker process is ready to serve import requests
Launched and connected shader compiler UnityShaderCompiler.exe after 0.06 seconds
Refreshing native plugins compatible for Editor in 0.33 ms, found 1 plugins.
Preloading 0 native plugins for Editor in 0.00 ms.
Unloading 1845 Unused Serialized files (Serialized files now loaded: 0)
System memory in use before: 87.3 MB.
System memory in use after: 87.3 MB.

Unloading 24 unused Assets to reduce memory usage. Loaded Objects now: 2287.
Total: 2.207400 ms (FindLiveObjects: 0.274700 ms CreateObjectMapping: 0.090300 ms MarkObjects: 1.681100 ms  DeleteObjects: 0.160100 ms)

========================================================================
Received Import Request.
  path: Assets/Scripts/MotherShip.cs
  artifactKey: Guid(a6e9ff07b0aad404d8290799569b86c5) Importer(815301076,1909f56bfc062723c751e8b465ee728b)
Start importing Assets/Scripts/MotherShip.cs using Guid(a6e9ff07b0aad404d8290799569b86c5) Importer(815301076,1909f56bfc062723c751e8b465ee728b)  -> (artifact id: 'e028da3e9890ccf6d997afd8e392921e') in 0.031496 seconds
  Import took 0.048877 seconds .

========================================================================
Received Prepare
Registering precompiled user dll's ...
Registered in 0.000941 seconds.
Begin MonoManager ReloadAssembly
Native extension for LinuxStandalone target not found
Native extension for WindowsStandalone target not found
Native extension for OSXStandalone target not found
Native extension for WebGL target not found
Refreshing native plugins compatible for Editor in 0.41 ms, found 1 plugins.
Preloading 0 native plugins for Editor in 0.00 ms.
Invoked RoslynAnalysisRunner static constructor.
RoslynAnalysisRunner will not be running.
RoslynAnalysisRunner has terminated.
Mono: successfully reloaded assembly
- Completed reload, in  0.869 seconds
Platform modules already initialized, skipping
Refreshing native plugins compatible for Editor in 0.38 ms, found 1 plugins.
Preloading 0 native plugins for Editor in 0.00 ms.
Unloading 1827 Unused Serialized files (Serialized files now loaded: 0)
System memory in use before: 86.5 MB.
System memory in use after: 86.4 MB.

Unloading 12 unused Assets to reduce memory usage. Loaded Objects now: 2290.
Total: 1.900300 ms (FindLiveObjects: 0.239200 ms CreateObjectMapping: 0.081500 ms MarkObjects: 1.487200 ms  DeleteObjects: 0.091400 ms)

========================================================================
Received Import Request.
  Time since last request: 773.142196 seconds.
  path: Assets/Prefabs/EnemyV1.prefab
  artifactKey: Guid(2c615b7f56e9da448b8b6406e707fc87) Importer(815301076,1909f56bfc062723c751e8b465ee728b)
Start importing Assets/Prefabs/EnemyV1.prefab using Guid(2c615b7f56e9da448b8b6406e707fc87) Importer(815301076,1909f56bfc062723c751e8b465ee728b)  -> (artifact id: '0bf4d4d25121c28f78108ba5d339ce71') in 0.030421 seconds
  Import took 0.033111 seconds .

========================================================================
Received Import Request.
  Time since last request: 5.331837 seconds.
  path: Assets/Prefabs/EnemyV2.prefab
  artifactKey: Guid(44f6a95a7e6b00f45b216a58b9d5b51e) Importer(815301076,1909f56bfc062723c751e8b465ee728b)
Start importing Assets/Prefabs/EnemyV2.prefab using Guid(44f6a95a7e6b00f45b216a58b9d5b51e) Importer(815301076,1909f56bfc062723c751e8b465ee728b)  -> (artifact id: 'd7b26b92feea0c59a65a8b862f9b8939') in 0.008704 seconds
  Import took 0.011215 seconds .

========================================================================
Received Import Request.
  Time since last request: 0.010059 seconds.
  path: Assets/Prefabs/EnemyV2.prefab
  artifactKey: Guid(44f6a95a7e6b00f45b216a58b9d5b51e) Importer(815301076,1909f56bfc062723c751e8b465ee728b)
Start importing Assets/Prefabs/EnemyV2.prefab using Guid(44f6a95a7e6b00f45b216a58b9d5b51e) Importer(815301076,1909f56bfc062723c751e8b465ee728b)  -> (artifact id: 'd7b26b92feea0c59a65a8b862f9b8939') in 0.005245 seconds
  Import took 0.007971 seconds .

========================================================================
Received Import Request.
  Time since last request: 5.951450 seconds.
  path: Assets/Prefabs/EnemyV3.prefab
  artifactKey: Guid(c3b77266ea0668e4289e92aa866a25ed) Importer(815301076,1909f56bfc062723c751e8b465ee728b)
Start importing Assets/Prefabs/EnemyV3.prefab using Guid(c3b77266ea0668e4289e92aa866a25ed) Importer(815301076,1909f56bfc062723c751e8b465ee728b)  -> (artifact id: '6858b403098b96aadcaa6f40a0485d9e') in 0.068182 seconds
  Import took 0.072373 seconds .

========================================================================
Received Import Request.
  Time since last request: 5.526107 seconds.
  path: Assets/Prefabs/EnemyV4.prefab
  artifactKey: Guid(0f9540bffa6be5e40a21cb02e7815a52) Importer(815301076,1909f56bfc062723c751e8b465ee728b)
Start importing Assets/Prefabs/EnemyV4.prefab using Guid(0f9540bffa6be5e40a21cb02e7815a52) Importer(815301076,1909f56bfc062723c751e8b465ee728b)  -> (artifact id: '4bb783cb193a40ca63c897380c25dba6') in 0.007920 seconds
  Import took 0.121387 seconds .

========================================================================
Received Import Request.
  Time since last request: 6.614894 seconds.
  path: Assets/Prefabs/EnemyV1.prefab
  artifactKey: Guid(2c615b7f56e9da448b8b6406e707fc87) Importer(815301076,1909f56bfc062723c751e8b465ee728b)
Start importing Assets/Prefabs/EnemyV1.prefab using Guid(2c615b7f56e9da448b8b6406e707fc87) Importer(815301076,1909f56bfc062723c751e8b465ee728b)  -> (artifact id: '8318553ea759768e8dbd0f366916942b') in 0.003689 seconds
  Import took 0.006892 seconds .

========================================================================
Received Import Request.
  Time since last request: 0.014566 seconds.
  path: Assets/Prefabs/EnemyV1.prefab
  artifactKey: Guid(2c615b7f56e9da448b8b6406e707fc87) Importer(815301076,1909f56bfc062723c751e8b465ee728b)
Start importing Assets/Prefabs/EnemyV1.prefab using Guid(2c615b7f56e9da448b8b6406e707fc87) Importer(815301076,1909f56bfc062723c751e8b465ee728b)  -> (artifact id: '8318553ea759768e8dbd0f366916942b') in 0.004420 seconds
  Import took 0.007834 seconds .

========================================================================
Received Import Request.
  Time since last request: 5.738795 seconds.
  path: Assets/Prefabs/EnemyV1.prefab
  artifactKey: Guid(2c615b7f56e9da448b8b6406e707fc87) Importer(815301076,1909f56bfc062723c751e8b465ee728b)
Start importing Assets/Prefabs/EnemyV1.prefab using Guid(2c615b7f56e9da448b8b6406e707fc87) Importer(815301076,1909f56bfc062723c751e8b465ee728b)  -> (artifact id: 'b965bc580d17c145d09afb89e2b358ea') in 0.004067 seconds
  Import took 0.016483 seconds .

========================================================================
Received Import Request.
  Time since last request: 0.004332 seconds.
  path: Assets/Prefabs/EnemyV1.prefab
  artifactKey: Guid(2c615b7f56e9da448b8b6406e707fc87) Importer(815301076,1909f56bfc062723c751e8b465ee728b)
Start importing Assets/Prefabs/EnemyV1.prefab using Guid(2c615b7f56e9da448b8b6406e707fc87) Importer(815301076,1909f56bfc062723c751e8b465ee728b)  -> (artifact id: 'b965bc580d17c145d09afb89e2b358ea') in 0.003784 seconds
  Import took 0.006571 seconds .

========================================================================
Received Import Request.
  Time since last request: 2.292819 seconds.
  path: Assets/Prefabs/EnemyV1.prefab
  artifactKey: Guid(2c615b7f56e9da448b8b6406e707fc87) Importer(815301076,1909f56bfc062723c751e8b465ee728b)
Start importing Assets/Prefabs/EnemyV1.prefab using Guid(2c615b7f56e9da448b8b6406e707fc87) Importer(815301076,1909f56bfc062723c751e8b465ee728b)  -> (artifact id: '2b18387947485dd40de05e7440136550') in 0.013397 seconds
  Import took 0.024737 seconds .

========================================================================
Received Import Request.
  Time since last request: 0.064359 seconds.
  path: Assets/Prefabs/EnemyV1.prefab
  artifactKey: Guid(2c615b7f56e9da448b8b6406e707fc87) Importer(815301076,1909f56bfc062723c751e8b465ee728b)
Start importing Assets/Prefabs/EnemyV1.prefab using Guid(2c615b7f56e9da448b8b6406e707fc87) Importer(815301076,1909f56bfc062723c751e8b465ee728b)  -> (artifact id: '2b18387947485dd40de05e7440136550') in 0.013543 seconds
  Import took 0.016134 seconds .

========================================================================
Received Import Request.
  Time since last request: 9.250259 seconds.
  path: Assets/Materials/Indigo.mat
  artifactKey: Guid(8013f09af0d61304e9289b13f475baa5) Importer(815301076,1909f56bfc062723c751e8b465ee728b)
Start importing Assets/Materials/Indigo.mat using Guid(8013f09af0d61304e9289b13f475baa5) Importer(815301076,1909f56bfc062723c751e8b465ee728b)  -> (artifact id: '411f20cb69595dfdc065ec7cba9c27ce') in 0.042133 seconds
  Import took 0.045802 seconds .

========================================================================
Received Import Request.
  Time since last request: 0.000369 seconds.
  path: Assets/Materials/Yellow.mat
  artifactKey: Guid(5ca471d83c1bc104b8e18c315a7caf12) Importer(815301076,1909f56bfc062723c751e8b465ee728b)
Start importing Assets/Materials/Yellow.mat using Guid(5ca471d83c1bc104b8e18c315a7caf12) Importer(815301076,1909f56bfc062723c751e8b465ee728b)  -> (artifact id: '2a7e1a8366f486731304e99583ef8116') in 0.017817 seconds
  Import took 0.020739 seconds .

========================================================================
Received Import Request.
  Time since last request: 0.000335 seconds.
  path: Assets/Materials/Orange.mat
  artifactKey: Guid(34661efd61958f3499860f1d9b52048d) Importer(815301076,1909f56bfc062723c751e8b465ee728b)
Start importing Assets/Materials/Orange.mat using Guid(34661efd61958f3499860f1d9b52048d) Importer(815301076,1909f56bfc062723c751e8b465ee728b)  -> (artifact id: '9b8edd40ae498a11a7b583a29ebe6952') in 0.021556 seconds
  Import took 0.024751 seconds .

========================================================================
Received Import Request.
  Time since last request: 5.497907 seconds.
  path: Assets/Prefabs/EnemyV1.prefab
  artifactKey: Guid(2c615b7f56e9da448b8b6406e707fc87) Importer(815301076,1909f56bfc062723c751e8b465ee728b)
Start importing Assets/Prefabs/EnemyV1.prefab using Guid(2c615b7f56e9da448b8b6406e707fc87) Importer(815301076,1909f56bfc062723c751e8b465ee728b)  -> (artifact id: 'f8fe7c7fb3929b277a76cd798f428e97') in 0.013824 seconds
  Import took 0.016615 seconds .

========================================================================
Received Import Request.
  Time since last request: 14.094430 seconds.
  path: Assets/Prefabs/EnemyV1.prefab
  artifactKey: Guid(2c615b7f56e9da448b8b6406e707fc87) Importer(815301076,1909f56bfc062723c751e8b465ee728b)
Start importing Assets/Prefabs/EnemyV1.prefab using Guid(2c615b7f56e9da448b8b6406e707fc87) Importer(815301076,1909f56bfc062723c751e8b465ee728b)  -> (artifact id: 'c1c5b90e625f4d5f86023edea5785b3f') in 0.011718 seconds
  Import took 0.014576 seconds .

========================================================================
Received Import Request.
  Time since last request: 0.018538 seconds.
  path: Assets/Prefabs/EnemyV1.prefab
  artifactKey: Guid(2c615b7f56e9da448b8b6406e707fc87) Importer(815301076,1909f56bfc062723c751e8b465ee728b)
Start importing Assets/Prefabs/EnemyV1.prefab using Guid(2c615b7f56e9da448b8b6406e707fc87) Importer(815301076,1909f56bfc062723c751e8b465ee728b)  -> (artifact id: 'c1c5b90e625f4d5f86023edea5785b3f') in 0.012639 seconds
  Import took 0.015719 seconds .

========================================================================
Received Import Request.
  Time since last request: 12.379224 seconds.
  path: Assets/Prefabs/EnemyV1.prefab
  artifactKey: Guid(2c615b7f56e9da448b8b6406e707fc87) Importer(815301076,1909f56bfc062723c751e8b465ee728b)
Start importing Assets/Prefabs/EnemyV1.prefab using Guid(2c615b7f56e9da448b8b6406e707fc87) Importer(815301076,1909f56bfc062723c751e8b465ee728b)  -> (artifact id: 'c7c36c8cbbe709dba944f90c3a61f224') in 0.011026 seconds
  Import took 0.014219 seconds .

========================================================================
Received Import Request.
  Time since last request: 11.050579 seconds.
  path: Assets/Prefabs/EnemyV2.prefab
  artifactKey: Guid(44f6a95a7e6b00f45b216a58b9d5b51e) Importer(815301076,1909f56bfc062723c751e8b465ee728b)
Start importing Assets/Prefabs/EnemyV2.prefab using Guid(44f6a95a7e6b00f45b216a58b9d5b51e) Importer(815301076,1909f56bfc062723c751e8b465ee728b)  -> (artifact id: '2b76f8cf37b25711216663594ec476d8') in 0.004547 seconds
  Import took 0.007844 seconds .

========================================================================
Received Import Request.
  Time since last request: 0.015255 seconds.
  path: Assets/Prefabs/EnemyV2.prefab
  artifactKey: Guid(44f6a95a7e6b00f45b216a58b9d5b51e) Importer(815301076,1909f56bfc062723c751e8b465ee728b)
Start importing Assets/Prefabs/EnemyV2.prefab using Guid(44f6a95a7e6b00f45b216a58b9d5b51e) Importer(815301076,1909f56bfc062723c751e8b465ee728b)  -> (artifact id: '2b76f8cf37b25711216663594ec476d8') in 0.003795 seconds
  Import took 0.007366 seconds .

========================================================================
Received Import Request.
  Time since last request: 2.287253 seconds.
  path: Assets/Prefabs/EnemyV2.prefab
  artifactKey: Guid(44f6a95a7e6b00f45b216a58b9d5b51e) Importer(815301076,1909f56bfc062723c751e8b465ee728b)
Start importing Assets/Prefabs/EnemyV2.prefab using Guid(44f6a95a7e6b00f45b216a58b9d5b51e) Importer(815301076,1909f56bfc062723c751e8b465ee728b)  -> (artifact id: 'a8ac97d4f61a72ffe7e9896c6f074247') in 0.003635 seconds
  Import took 0.006244 seconds .

========================================================================
Received Import Request.
  Time since last request: 0.015152 seconds.
  path: Assets/Prefabs/EnemyV2.prefab
  artifactKey: Guid(44f6a95a7e6b00f45b216a58b9d5b51e) Importer(815301076,1909f56bfc062723c751e8b465ee728b)
Start importing Assets/Prefabs/EnemyV2.prefab using Guid(44f6a95a7e6b00f45b216a58b9d5b51e) Importer(815301076,1909f56bfc062723c751e8b465ee728b)  -> (artifact id: 'a8ac97d4f61a72ffe7e9896c6f074247') in 0.004083 seconds
  Import took 0.020568 seconds .

========================================================================
Received Import Request.
  Time since last request: 2.201798 seconds.
  path: Assets/Prefabs/EnemyV2.prefab
  artifactKey: Guid(44f6a95a7e6b00f45b216a58b9d5b51e) Importer(815301076,1909f56bfc062723c751e8b465ee728b)
Start importing Assets/Prefabs/EnemyV2.prefab using Guid(44f6a95a7e6b00f45b216a58b9d5b51e) Importer(815301076,1909f56bfc062723c751e8b465ee728b)  -> (artifact id: 'd2891e9768dde57764ae454a736c49cb') in 0.004844 seconds
  Import took 0.008142 seconds .

========================================================================
Received Import Request.
  Time since last request: 0.013780 seconds.
  path: Assets/Prefabs/EnemyV2.prefab
  artifactKey: Guid(44f6a95a7e6b00f45b216a58b9d5b51e) Importer(815301076,1909f56bfc062723c751e8b465ee728b)
Start importing Assets/Prefabs/EnemyV2.prefab using Guid(44f6a95a7e6b00f45b216a58b9d5b51e) Importer(815301076,1909f56bfc062723c751e8b465ee728b)  -> (artifact id: 'd2891e9768dde57764ae454a736c49cb') in 0.003713 seconds
  Import took 0.006609 seconds .

========================================================================
Received Import Request.
  Time since last request: 4.461072 seconds.
  path: Assets/Prefabs/EnemyV2.prefab
  artifactKey: Guid(44f6a95a7e6b00f45b216a58b9d5b51e) Importer(815301076,1909f56bfc062723c751e8b465ee728b)
Start importing Assets/Prefabs/EnemyV2.prefab using Guid(44f6a95a7e6b00f45b216a58b9d5b51e) Importer(815301076,1909f56bfc062723c751e8b465ee728b)  -> (artifact id: 'affe95be2aa634efbc44ebcc32df78a1') in 0.003947 seconds
  Import took 0.007300 seconds .

========================================================================
Received Import Request.
  Time since last request: 8.109117 seconds.
  path: Assets/Prefabs/EnemyV2.prefab
  artifactKey: Guid(44f6a95a7e6b00f45b216a58b9d5b51e) Importer(815301076,1909f56bfc062723c751e8b465ee728b)
Start importing Assets/Prefabs/EnemyV2.prefab using Guid(44f6a95a7e6b00f45b216a58b9d5b51e) Importer(815301076,1909f56bfc062723c751e8b465ee728b)  -> (artifact id: '88a5e43ef9bd3227ef867b0cc43f46b6') in 0.011060 seconds
  Import took 0.014573 seconds .

========================================================================
Received Import Request.
  Time since last request: 0.005810 seconds.
  path: Assets/Prefabs/EnemyV2.prefab
  artifactKey: Guid(44f6a95a7e6b00f45b216a58b9d5b51e) Importer(815301076,1909f56bfc062723c751e8b465ee728b)
Start importing Assets/Prefabs/EnemyV2.prefab using Guid(44f6a95a7e6b00f45b216a58b9d5b51e) Importer(815301076,1909f56bfc062723c751e8b465ee728b)  -> (artifact id: '88a5e43ef9bd3227ef867b0cc43f46b6') in 0.009125 seconds
  Import took 0.012728 seconds .

========================================================================
Received Import Request.
  Time since last request: 11.937549 seconds.
  path: Assets/Prefabs/EnemyV2.prefab
  artifactKey: Guid(44f6a95a7e6b00f45b216a58b9d5b51e) Importer(815301076,1909f56bfc062723c751e8b465ee728b)
Start importing Assets/Prefabs/EnemyV2.prefab using Guid(44f6a95a7e6b00f45b216a58b9d5b51e) Importer(815301076,1909f56bfc062723c751e8b465ee728b)  -> (artifact id: '6e0a43084839e12c34fe28448bb75a54') in 0.013046 seconds
  Import took 0.016244 seconds .

========================================================================
Received Import Request.
  Time since last request: 11.672546 seconds.
  path: Assets/Prefabs/EnemyV1.prefab
  artifactKey: Guid(2c615b7f56e9da448b8b6406e707fc87) Importer(815301076,1909f56bfc062723c751e8b465ee728b)
Start importing Assets/Prefabs/EnemyV1.prefab using Guid(2c615b7f56e9da448b8b6406e707fc87) Importer(815301076,1909f56bfc062723c751e8b465ee728b)  -> (artifact id: '67e078ae71fa6226c3aac46e7cacb52a') in 0.008823 seconds
  Import took 0.011959 seconds .

========================================================================
Received Import Request.
  Time since last request: 2.803290 seconds.
  path: Assets/Prefabs/EnemyV2.prefab
  artifactKey: Guid(44f6a95a7e6b00f45b216a58b9d5b51e) Importer(815301076,1909f56bfc062723c751e8b465ee728b)
Start importing Assets/Prefabs/EnemyV2.prefab using Guid(44f6a95a7e6b00f45b216a58b9d5b51e) Importer(815301076,1909f56bfc062723c751e8b465ee728b)  -> (artifact id: '033ee16ee37281c4a7ce102d35426d46') in 0.009097 seconds
  Import took 0.012277 seconds .

========================================================================
Received Import Request.
  Time since last request: 6.705094 seconds.
  path: Assets/Prefabs/EnemyV3.prefab
  artifactKey: Guid(c3b77266ea0668e4289e92aa866a25ed) Importer(815301076,1909f56bfc062723c751e8b465ee728b)
Start importing Assets/Prefabs/EnemyV3.prefab using Guid(c3b77266ea0668e4289e92aa866a25ed) Importer(815301076,1909f56bfc062723c751e8b465ee728b)  -> (artifact id: 'f5e346ef7bcc2556a6f610d9cc0e7d46') in 0.011669 seconds
  Import took 0.014443 seconds .

========================================================================
Received Import Request.
  Time since last request: 2.694098 seconds.
  path: Assets/Prefabs/EnemyV4.prefab
  artifactKey: Guid(0f9540bffa6be5e40a21cb02e7815a52) Importer(815301076,1909f56bfc062723c751e8b465ee728b)
Start importing Assets/Prefabs/EnemyV4.prefab using Guid(0f9540bffa6be5e40a21cb02e7815a52) Importer(815301076,1909f56bfc062723c751e8b465ee728b)  -> (artifact id: 'd9cc3fb8b2a7d0cd434f5e04dc876322') in 0.004062 seconds
  Import took 0.007876 seconds .

========================================================================
Received Import Request.
  Time since last request: 0.014131 seconds.
  path: Assets/Prefabs/EnemyV4.prefab
  artifactKey: Guid(0f9540bffa6be5e40a21cb02e7815a52) Importer(815301076,1909f56bfc062723c751e8b465ee728b)
Start importing Assets/Prefabs/EnemyV4.prefab using Guid(0f9540bffa6be5e40a21cb02e7815a52) Importer(815301076,1909f56bfc062723c751e8b465ee728b)  -> (artifact id: 'd9cc3fb8b2a7d0cd434f5e04dc876322') in 0.004676 seconds
  Import took 0.008164 seconds .

========================================================================
Received Import Request.
  Time since last request: 5.379285 seconds.
  path: Assets/Prefabs/EnemyV4.prefab
  artifactKey: Guid(0f9540bffa6be5e40a21cb02e7815a52) Importer(815301076,1909f56bfc062723c751e8b465ee728b)
Start importing Assets/Prefabs/EnemyV4.prefab using Guid(0f9540bffa6be5e40a21cb02e7815a52) Importer(815301076,1909f56bfc062723c751e8b465ee728b)  -> (artifact id: '90db3edbc1d727c032eaa70a0aeb0361') in 0.003752 seconds
  Import took 0.030584 seconds .

========================================================================
Received Import Request.
  Time since last request: 3.616963 seconds.
  path: Assets/Prefabs/EnemyV4.prefab
  artifactKey: Guid(0f9540bffa6be5e40a21cb02e7815a52) Importer(815301076,1909f56bfc062723c751e8b465ee728b)
Start importing Assets/Prefabs/EnemyV4.prefab using Guid(0f9540bffa6be5e40a21cb02e7815a52) Importer(815301076,1909f56bfc062723c751e8b465ee728b)  -> (artifact id: 'e8418f55d34cc1b1b914eee913f80887') in 0.013900 seconds
  Import took 0.017381 seconds .

========================================================================
Received Import Request.
  Time since last request: 0.005906 seconds.
  path: Assets/Prefabs/EnemyV4.prefab
  artifactKey: Guid(0f9540bffa6be5e40a21cb02e7815a52) Importer(815301076,1909f56bfc062723c751e8b465ee728b)
Start importing Assets/Prefabs/EnemyV4.prefab using Guid(0f9540bffa6be5e40a21cb02e7815a52) Importer(815301076,1909f56bfc062723c751e8b465ee728b)  -> (artifact id: 'e8418f55d34cc1b1b914eee913f80887') in 0.013284 seconds
  Import took 0.016759 seconds .

========================================================================
Received Import Request.
  Time since last request: 2.560699 seconds.
  path: Assets/Prefabs/EnemyV4.prefab
  artifactKey: Guid(0f9540bffa6be5e40a21cb02e7815a52) Importer(815301076,1909f56bfc062723c751e8b465ee728b)
Start importing Assets/Prefabs/EnemyV4.prefab using Guid(0f9540bffa6be5e40a21cb02e7815a52) Importer(815301076,1909f56bfc062723c751e8b465ee728b)  -> (artifact id: 'c659e798519ef133cd9bbeb838b0717a') in 0.008402 seconds
  Import took 0.011219 seconds .

========================================================================
Received Import Request.
  Time since last request: 0.010075 seconds.
  path: Assets/Prefabs/EnemyV4.prefab
  artifactKey: Guid(0f9540bffa6be5e40a21cb02e7815a52) Importer(815301076,1909f56bfc062723c751e8b465ee728b)
Start importing Assets/Prefabs/EnemyV4.prefab using Guid(0f9540bffa6be5e40a21cb02e7815a52) Importer(815301076,1909f56bfc062723c751e8b465ee728b)  -> (artifact id: 'c659e798519ef133cd9bbeb838b0717a') in 0.008205 seconds
  Import took 0.011350 seconds .

========================================================================
Received Import Request.
  Time since last request: 4.807273 seconds.
  path: Assets/Prefabs/EnemyV4.prefab
  artifactKey: Guid(0f9540bffa6be5e40a21cb02e7815a52) Importer(815301076,1909f56bfc062723c751e8b465ee728b)
Start importing Assets/Prefabs/EnemyV4.prefab using Guid(0f9540bffa6be5e40a21cb02e7815a52) Importer(815301076,1909f56bfc062723c751e8b465ee728b)  -> (artifact id: '9b496d1fa04e26b520703620a8c0a874') in 0.011655 seconds
  Import took 0.014741 seconds .

========================================================================
Received Import Request.
  Time since last request: 7.461371 seconds.
  path: Assets/Prefabs/EnemyV4.prefab
  artifactKey: Guid(0f9540bffa6be5e40a21cb02e7815a52) Importer(815301076,1909f56bfc062723c751e8b465ee728b)
Start importing Assets/Prefabs/EnemyV4.prefab using Guid(0f9540bffa6be5e40a21cb02e7815a52) Importer(815301076,1909f56bfc062723c751e8b465ee728b)  -> (artifact id: 'e8925070153a178353b47bef0d9341ad') in 0.012281 seconds
  Import took 0.014948 seconds .

========================================================================
Received Import Request.
  Time since last request: 232.957919 seconds.
  path: ProjectSettings/TagManager.asset
  artifactKey: Guid(00000000000000003000000000000000) Importer(815301076,1909f56bfc062723c751e8b465ee728b)
Start importing ProjectSettings/TagManager.asset using Guid(00000000000000003000000000000000) Importer(815301076,1909f56bfc062723c751e8b465ee728b)  -> (artifact id: '5b66bcc91e696393124cc9ba54df030d') in 0.005067 seconds
  Import took 0.008744 seconds .

========================================================================
Received Import Request.
  Time since last request: 7.574172 seconds.
  path: Assets/Prefabs/EnemyV1.prefab
  artifactKey: Guid(2c615b7f56e9da448b8b6406e707fc87) Importer(815301076,1909f56bfc062723c751e8b465ee728b)
Start importing Assets/Prefabs/EnemyV1.prefab using Guid(2c615b7f56e9da448b8b6406e707fc87) Importer(815301076,1909f56bfc062723c751e8b465ee728b)  -> (artifact id: 'b613673fcb9e21f636ea461cfe8d20ae') in 0.008604 seconds
  Import took 0.036112 seconds .

========================================================================
Received Import Request.
  Time since last request: 2.525192 seconds.
  path: Assets/Prefabs/EnemyV2.prefab
  artifactKey: Guid(44f6a95a7e6b00f45b216a58b9d5b51e) Importer(815301076,1909f56bfc062723c751e8b465ee728b)
Start importing Assets/Prefabs/EnemyV2.prefab using Guid(44f6a95a7e6b00f45b216a58b9d5b51e) Importer(815301076,1909f56bfc062723c751e8b465ee728b)  -> (artifact id: '8853a6678a1eec245f64f43e411f1d30') in 0.007500 seconds
  Import took 0.010256 seconds .

========================================================================
Received Import Request.
  Time since last request: 0.008150 seconds.
  path: Assets/Prefabs/EnemyV2.prefab
  artifactKey: Guid(44f6a95a7e6b00f45b216a58b9d5b51e) Importer(815301076,1909f56bfc062723c751e8b465ee728b)
Start importing Assets/Prefabs/EnemyV2.prefab using Guid(44f6a95a7e6b00f45b216a58b9d5b51e) Importer(815301076,1909f56bfc062723c751e8b465ee728b)  -> (artifact id: '8853a6678a1eec245f64f43e411f1d30') in 0.010023 seconds
  Import took 0.013727 seconds .

========================================================================
Received Import Request.
  Time since last request: 2.540383 seconds.
  path: Assets/Prefabs/EnemyV3.prefab
  artifactKey: Guid(c3b77266ea0668e4289e92aa866a25ed) Importer(815301076,1909f56bfc062723c751e8b465ee728b)
Start importing Assets/Prefabs/EnemyV3.prefab using Guid(c3b77266ea0668e4289e92aa866a25ed) Importer(815301076,1909f56bfc062723c751e8b465ee728b)  -> (artifact id: 'fd71c949e1a3742337a1998f098b9f06') in 0.007535 seconds
  Import took 0.109648 seconds .

========================================================================
Received Import Request.
  Time since last request: 2.959293 seconds.
  path: Assets/Prefabs/EnemyV4.prefab
  artifactKey: Guid(0f9540bffa6be5e40a21cb02e7815a52) Importer(815301076,1909f56bfc062723c751e8b465ee728b)
Start importing Assets/Prefabs/EnemyV4.prefab using Guid(0f9540bffa6be5e40a21cb02e7815a52) Importer(815301076,1909f56bfc062723c751e8b465ee728b)  -> (artifact id: 'bf8ff46aa80dffe91e3b987104f6bc12') in 0.007942 seconds
  Import took 0.010842 seconds .

========================================================================
Received Import Request.
  Time since last request: 0.007431 seconds.
  path: Assets/Prefabs/EnemyV4.prefab
  artifactKey: Guid(0f9540bffa6be5e40a21cb02e7815a52) Importer(815301076,1909f56bfc062723c751e8b465ee728b)
Start importing Assets/Prefabs/EnemyV4.prefab using Guid(0f9540bffa6be5e40a21cb02e7815a52) Importer(815301076,1909f56bfc062723c751e8b465ee728b)  -> (artifact id: 'bf8ff46aa80dffe91e3b987104f6bc12') in 0.008305 seconds
  Import took 0.011148 seconds .

========================================================================
Received Prepare
Registering precompiled user dll's ...
Registered in 0.000882 seconds.
Begin MonoManager ReloadAssembly
Native extension for LinuxStandalone target not found
Native extension for WindowsStandalone target not found
Native extension for OSXStandalone target not found
Native extension for WebGL target not found
Refreshing native plugins compatible for Editor in 0.33 ms, found 1 plugins.
Preloading 0 native plugins for Editor in 0.00 ms.
Invoked RoslynAnalysisRunner static constructor.
RoslynAnalysisRunner will not be running.
RoslynAnalysisRunner has terminated.
Mono: successfully reloaded assembly
- Completed reload, in  0.864 seconds
Platform modules already initialized, skipping
Refreshing native plugins compatible for Editor in 0.37 ms, found 1 plugins.
Preloading 0 native plugins for Editor in 0.00 ms.
Unloading 1827 Unused Serialized files (Serialized files now loaded: 0)
System memory in use before: 90.0 MB.
System memory in use after: 90.0 MB.

Unloading 13 unused Assets to reduce memory usage. Loaded Objects now: 2333.
Total: 2.098400 ms (FindLiveObjects: 0.390600 ms CreateObjectMapping: 0.088000 ms MarkObjects: 1.527000 ms  DeleteObjects: 0.091400 ms)

========================================================================
Received Import Request.
  Time since last request: 122.627362 seconds.
  path: Assets/Prefabs/EnemyV4.prefab
  artifactKey: Guid(0f9540bffa6be5e40a21cb02e7815a52) Importer(815301076,1909f56bfc062723c751e8b465ee728b)
Start importing Assets/Prefabs/EnemyV4.prefab using Guid(0f9540bffa6be5e40a21cb02e7815a52) Importer(815301076,1909f56bfc062723c751e8b465ee728b)  -> (artifact id: '76924692df8d44e7d75708375eb15c51') in 0.059046 seconds
  Import took 0.062380 seconds .

========================================================================
Received Prepare
Registering precompiled user dll's ...
Registered in 0.000941 seconds.
Begin MonoManager ReloadAssembly
Native extension for LinuxStandalone target not found
Native extension for WindowsStandalone target not found
Native extension for OSXStandalone target not found
Native extension for WebGL target not found
Refreshing native plugins compatible for Editor in 0.34 ms, found 1 plugins.
Preloading 0 native plugins for Editor in 0.00 ms.
Invoked RoslynAnalysisRunner static constructor.
RoslynAnalysisRunner will not be running.
RoslynAnalysisRunner has terminated.
Mono: successfully reloaded assembly
- Completed reload, in  0.859 seconds
Platform modules already initialized, skipping
Refreshing native plugins compatible for Editor in 0.35 ms, found 1 plugins.
Preloading 0 native plugins for Editor in 0.00 ms.
Unloading 1827 Unused Serialized files (Serialized files now loaded: 0)
System memory in use before: 90.2 MB.
System memory in use after: 90.2 MB.

Unloading 12 unused Assets to reduce memory usage. Loaded Objects now: 2337.
Total: 2.067800 ms (FindLiveObjects: 0.271100 ms CreateObjectMapping: 0.070200 ms MarkObjects: 1.635300 ms  DeleteObjects: 0.090200 ms)

========================================================================
Received Prepare
Registering precompiled user dll's ...
Registered in 0.000935 seconds.
Begin MonoManager ReloadAssembly
Native extension for LinuxStandalone target not found
Native extension for WindowsStandalone target not found
Native extension for OSXStandalone target not found
Native extension for WebGL target not found
Refreshing native plugins compatible for Editor in 0.32 ms, found 1 plugins.
Preloading 0 native plugins for Editor in 0.00 ms.
Invoked RoslynAnalysisRunner static constructor.
RoslynAnalysisRunner will not be running.
RoslynAnalysisRunner has terminated.
Mono: successfully reloaded assembly
- Completed reload, in  0.876 seconds
Platform modules already initialized, skipping
Refreshing native plugins compatible for Editor in 0.35 ms, found 1 plugins.
Preloading 0 native plugins for Editor in 0.00 ms.
Unloading 1827 Unused Serialized files (Serialized files now loaded: 0)
System memory in use before: 90.4 MB.
System memory in use after: 90.4 MB.

Unloading 12 unused Assets to reduce memory usage. Loaded Objects now: 2340.
Total: 2.185500 ms (FindLiveObjects: 0.281600 ms CreateObjectMapping: 0.079600 ms MarkObjects: 1.725200 ms  DeleteObjects: 0.098100 ms)

========================================================================
Received Prepare
Registering precompiled user dll's ...
Registered in 0.001007 seconds.
Begin MonoManager ReloadAssembly
Native extension for LinuxStandalone target not found
Native extension for WindowsStandalone target not found
Native extension for OSXStandalone target not found
Native extension for WebGL target not found
Refreshing native plugins compatible for Editor in 0.36 ms, found 1 plugins.
Preloading 0 native plugins for Editor in 0.00 ms.
Invoked RoslynAnalysisRunner static constructor.
RoslynAnalysisRunner will not be running.
RoslynAnalysisRunner has terminated.
Mono: successfully reloaded assembly
- Completed reload, in  0.836 seconds
Platform modules already initialized, skipping
Refreshing native plugins compatible for Editor in 0.41 ms, found 1 plugins.
Preloading 0 native plugins for Editor in 0.00 ms.
Unloading 1827 Unused Serialized files (Serialized files now loaded: 0)
System memory in use before: 90.5 MB.
System memory in use after: 90.5 MB.

Unloading 12 unused Assets to reduce memory usage. Loaded Objects now: 2343.
Total: 3.228700 ms (FindLiveObjects: 0.341000 ms CreateObjectMapping: 0.168200 ms MarkObjects: 2.585000 ms  DeleteObjects: 0.133100 ms)

========================================================================
Received Prepare
Registering precompiled user dll's ...
Registered in 0.000912 seconds.
Begin MonoManager ReloadAssembly
Native extension for LinuxStandalone target not found
Native extension for WindowsStandalone target not found
Native extension for OSXStandalone target not found
Native extension for WebGL target not found
Refreshing native plugins compatible for Editor in 0.74 ms, found 1 plugins.
Preloading 0 native plugins for Editor in 0.00 ms.
Invoked RoslynAnalysisRunner static constructor.
RoslynAnalysisRunner will not be running.
RoslynAnalysisRunner has terminated.
Mono: successfully reloaded assembly
- Completed reload, in  0.877 seconds
Platform modules already initialized, skipping
Refreshing native plugins compatible for Editor in 0.35 ms, found 1 plugins.
Preloading 0 native plugins for Editor in 0.00 ms.
Unloading 1827 Unused Serialized files (Serialized files now loaded: 0)
System memory in use before: 90.8 MB.
System memory in use after: 90.8 MB.

Unloading 12 unused Assets to reduce memory usage. Loaded Objects now: 2346.
Total: 2.666300 ms (FindLiveObjects: 0.306400 ms CreateObjectMapping: 0.117200 ms MarkObjects: 2.118500 ms  DeleteObjects: 0.123100 ms)

========================================================================
Received Prepare
Registering precompiled user dll's ...
Registered in 0.000905 seconds.
Begin MonoManager ReloadAssembly
Native extension for LinuxStandalone target not found
Native extension for WindowsStandalone target not found
Native extension for OSXStandalone target not found
Native extension for WebGL target not found
Refreshing native plugins compatible for Editor in 0.35 ms, found 1 plugins.
Preloading 0 native plugins for Editor in 0.00 ms.
Invoked RoslynAnalysisRunner static constructor.
RoslynAnalysisRunner will not be running.
RoslynAnalysisRunner has terminated.
Mono: successfully reloaded assembly
- Completed reload, in  0.879 seconds
Platform modules already initialized, skipping
Refreshing native plugins compatible for Editor in 0.35 ms, found 1 plugins.
Preloading 0 native plugins for Editor in 0.00 ms.
Unloading 1827 Unused Serialized files (Serialized files now loaded: 0)
System memory in use before: 91.0 MB.
System memory in use after: 91.0 MB.

Unloading 12 unused Assets to reduce memory usage. Loaded Objects now: 2349.
Total: 2.088700 ms (FindLiveObjects: 0.272900 ms CreateObjectMapping: 0.067500 ms MarkObjects: 1.655400 ms  DeleteObjects: 0.092100 ms)

========================================================================
Received Prepare
Registering precompiled user dll's ...
Registered in 0.000878 seconds.
Begin MonoManager ReloadAssembly
Native extension for LinuxStandalone target not found
Native extension for WindowsStandalone target not found
Native extension for OSXStandalone target not found
Native extension for WebGL target not found
Refreshing native plugins compatible for Editor in 0.33 ms, found 1 plugins.
Preloading 0 native plugins for Editor in 0.00 ms.
Invoked RoslynAnalysisRunner static constructor.
RoslynAnalysisRunner will not be running.
RoslynAnalysisRunner has terminated.
Mono: successfully reloaded assembly
- Completed reload, in  0.852 seconds
Platform modules already initialized, skipping
Refreshing native plugins compatible for Editor in 0.34 ms, found 1 plugins.
Preloading 0 native plugins for Editor in 0.00 ms.
Unloading 1827 Unused Serialized files (Serialized files now loaded: 0)
System memory in use before: 91.2 MB.
System memory in use after: 91.2 MB.

Unloading 12 unused Assets to reduce memory usage. Loaded Objects now: 2352.
Total: 1.827000 ms (FindLiveObjects: 0.175300 ms CreateObjectMapping: 0.066200 ms MarkObjects: 1.490400 ms  DeleteObjects: 0.094200 ms)

